  Engine.cpp
C:\Users\Bhushan\Desktop\GameEngine\Opengl\Engine.cpp(224,14): warning C4244: 'initializing': conversion from 'double' to 'float', possible loss of data
C:\Users\Bhushan\Desktop\GameEngine\Opengl\Engine.cpp(225,14): warning C4244: 'initializing': conversion from 'double' to 'float', possible loss of data
C:\Users\Bhushan\Desktop\GameEngine\Opengl\Engine.cpp(226,14): warning C4244: 'initializing': conversion from 'double' to 'float', possible loss of data
C:\Users\Bhushan\Desktop\GameEngine\Opengl\Engine.cpp(227,16): warning C4244: 'initializing': conversion from 'float' to 'int', possible loss of data
C:\Users\Bhushan\Desktop\GameEngine\Opengl\Engine.cpp(231,26): warning C4244: '=': conversion from 'double' to 'float', possible loss of data
C:\Users\Bhushan\Desktop\GameEngine\Opengl\Engine.cpp(241,22): warning C4244: '=': conversion from 'float' to 'int', possible loss of data
  KeyBoard.cpp
  Mouse.cpp
  imgui.cpp
  imgui_demo.cpp
  imgui_draw.cpp
  imgui_impl_glfw_gl3.cpp
  main.cpp
  ShaderClass.cpp
C:\Users\Bhushan\Desktop\GameEngine\Opengl\ShaderClass.cpp(11,18): warning C4244: 'initializing': conversion from 'std::streamoff' to 'int', possible loss of data
  stb_Image.cpp
  Sprite.cpp
  glad.c
LINK : warning LNK4098: defaultlib 'MSVCRTD' conflicts with use of other libs; use /NODEFAULTLIB:library
  Generating code
  Previous IPDB not found, fall back to full compilation.
  All 905 functions were compiled because no usable IPDB/IOBJ from previous compilation was found.
  Finished generating code
glfw3.lib(context.obj) : warning LNK4099: PDB '' was not found with 'glfw3.lib(context.obj)' or at ''; linking object as if no debug info
glfw3.lib(window.obj) : warning LNK4099: PDB '' was not found with 'glfw3.lib(window.obj)' or at ''; linking object as if no debug info
glfw3.lib(input.obj) : warning LNK4099: PDB '' was not found with 'glfw3.lib(input.obj)' or at ''; linking object as if no debug info
glfw3.lib(init.obj) : warning LNK4099: PDB '' was not found with 'glfw3.lib(init.obj)' or at ''; linking object as if no debug info
glfw3.lib(win32_window.obj) : warning LNK4099: PDB '' was not found with 'glfw3.lib(win32_window.obj)' or at ''; linking object as if no debug info
glfw3.lib(win32_thread.obj) : warning LNK4099: PDB '' was not found with 'glfw3.lib(win32_thread.obj)' or at ''; linking object as if no debug info
glfw3.lib(win32_joystick.obj) : warning LNK4099: PDB '' was not found with 'glfw3.lib(win32_joystick.obj)' or at ''; linking object as if no debug info
glfw3.lib(win32_time.obj) : warning LNK4099: PDB '' was not found with 'glfw3.lib(win32_time.obj)' or at ''; linking object as if no debug info
glfw3.lib(win32_init.obj) : warning LNK4099: PDB '' was not found with 'glfw3.lib(win32_init.obj)' or at ''; linking object as if no debug info
glfw3.lib(win32_monitor.obj) : warning LNK4099: PDB '' was not found with 'glfw3.lib(win32_monitor.obj)' or at ''; linking object as if no debug info
glfw3.lib(monitor.obj) : warning LNK4099: PDB '' was not found with 'glfw3.lib(monitor.obj)' or at ''; linking object as if no debug info
glfw3.lib(vulkan.obj) : warning LNK4099: PDB '' was not found with 'glfw3.lib(vulkan.obj)' or at ''; linking object as if no debug info
glfw3.lib(wgl_context.obj) : warning LNK4099: PDB '' was not found with 'glfw3.lib(wgl_context.obj)' or at ''; linking object as if no debug info
glfw3.lib(egl_context.obj) : warning LNK4099: PDB '' was not found with 'glfw3.lib(egl_context.obj)' or at ''; linking object as if no debug info
glfw3.lib(osmesa_context.obj) : warning LNK4099: PDB '' was not found with 'glfw3.lib(osmesa_context.obj)' or at ''; linking object as if no debug info
  Opengl.vcxproj -> C:\Users\Bhushan\Desktop\GameEngine\x64\Release\2D-Engine.exe
